<?xml version="1.0" encoding="UTF-8"?>
<testng-results skipped="0" failed="0" ignored="0" total="2" passed="2">
  <reporter-output>
  </reporter-output>
  <suite name="Default suite" duration-ms="49051" started-at="2020-12-13T22:52:19 IST" finished-at="2020-12-13T22:53:08 IST">
    <groups>
    </groups>
    <test name="Default test" duration-ms="49051" started-at="2020-12-13T22:52:19 IST" finished-at="2020-12-13T22:53:08 IST">
      <class name="crm.qa.testcases.HomePageTest">
        <test-method status="PASS" signature="Setup()[pri:0, instance:crm.qa.testcases.HomePageTest@70be0a2b]" name="Setup" is-config="true" duration-ms="19625" started-at="2020-12-13T22:52:19 IST" finished-at="2020-12-13T22:52:38 IST">
          <reporter-output>
          </reporter-output>
        </test-method> <!-- Setup -->
        <test-method status="PASS" signature="verifyContactsLinkTest()[pri:0, instance:crm.qa.testcases.HomePageTest@70be0a2b]" name="verifyContactsLinkTest" duration-ms="4087" started-at="2020-12-13T22:52:38 IST" finished-at="2020-12-13T22:52:42 IST">
          <reporter-output>
          </reporter-output>
        </test-method> <!-- verifyContactsLinkTest -->
        <test-method status="PASS" signature="tearDown()[pri:0, instance:crm.qa.testcases.HomePageTest@70be0a2b]" name="tearDown" is-config="true" duration-ms="850" started-at="2020-12-13T22:52:42 IST" finished-at="2020-12-13T22:52:43 IST">
          <reporter-output>
          </reporter-output>
        </test-method> <!-- tearDown -->
        <test-method status="PASS" signature="Setup()[pri:0, instance:crm.qa.testcases.HomePageTest@70be0a2b]" name="Setup" is-config="true" duration-ms="23539" started-at="2020-12-13T22:52:43 IST" finished-at="2020-12-13T22:53:07 IST">
          <reporter-output>
          </reporter-output>
        </test-method> <!-- Setup -->
        <test-method status="PASS" signature="verifyUserNameTest()[pri:0, instance:crm.qa.testcases.HomePageTest@70be0a2b]" name="verifyUserNameTest" duration-ms="188" started-at="2020-12-13T22:53:07 IST" finished-at="2020-12-13T22:53:07 IST">
          <reporter-output>
          </reporter-output>
        </test-method> <!-- verifyUserNameTest -->
        <test-method status="PASS" signature="tearDown()[pri:0, instance:crm.qa.testcases.HomePageTest@70be0a2b]" name="tearDown" is-config="true" duration-ms="691" started-at="2020-12-13T22:53:07 IST" finished-at="2020-12-13T22:53:08 IST">
          <reporter-output>
          </reporter-output>
        </test-method> <!-- tearDown -->
      </class> <!-- crm.qa.testcases.HomePageTest -->
    </test> <!-- Default test -->
  </suite> <!-- Default suite -->
</testng-results>
